app/build/intermediates/manifest_merge_blame_file/debug/manifest-merger-blame-debug-report.txt
1<?xml version="1.0" encoding="utf-8"?>
2<manifest xmlns:android="http://schemas.android.com/apk/res/android"
3    xmlns:dist="http://schemas.android.com/apk/distribution"
4    package="space.firsov.kvantnews"
5    android:versionCode="1"
6    android:versionName="1.0" >
7
8    <uses-sdk
9        android:minSdkVersion="21"
9-->src\main\AndroidManifest.xml
10        android:targetSdkVersion="29" />
10-->src\main\AndroidManifest.xml
11
12    <dist:module dist:instant="true" />
12-->src\main\AndroidManifest.xml:7:5-40
12-->src\main\AndroidManifest.xml:7:18-37
13
14    <uses-permission android:name="android.permission.INTERNET" />
14-->src\main\AndroidManifest.xml:9:5-67
14-->src\main\AndroidManifest.xml:9:22-64
15    <uses-permission android:name="android.permission.ACCESS_NETWORK_STATE" />
15-->src\main\AndroidManifest.xml:10:5-79
15-->src\main\AndroidManifest.xml:10:22-76
16
17    <!-- Create a unique permission for your app and use it so only your app can receive your OneSignal messages. -->
18    <permission
18-->[com.onesignal:OneSignal:3.12.6] AndroidManifest.xml:7:5-9:47
19        android:name="space.firsov.kvantnews.permission.C2D_MESSAGE"
19-->[com.onesignal:OneSignal:3.12.6] AndroidManifest.xml:8:9-63
20        android:protectionLevel="signature" />
20-->[com.onesignal:OneSignal:3.12.6] AndroidManifest.xml:9:9-44
21
22    <uses-permission android:name="space.firsov.kvantnews.permission.C2D_MESSAGE" />
22-->[com.onesignal:OneSignal:3.12.6] AndroidManifest.xml:11:5-79
22-->[com.onesignal:OneSignal:3.12.6] AndroidManifest.xml:11:22-76
23    <uses-permission android:name="com.google.android.c2dm.permission.RECEIVE" /> <!-- Required, makes sure notifications are delivered on time. -->
23-->[com.onesignal:OneSignal:3.12.6] AndroidManifest.xml:17:5-82
23-->[com.onesignal:OneSignal:3.12.6] AndroidManifest.xml:17:22-79
24    <uses-permission android:name="android.permission.WAKE_LOCK" />
24-->[com.onesignal:OneSignal:3.12.6] AndroidManifest.xml:18:5-68
24-->[com.onesignal:OneSignal:3.12.6] AndroidManifest.xml:18:22-65
25    <!--
26 Required so the device vibrates on receiving a push notification.
27         Vibration settings of the device still apply.
28    -->
29    <uses-permission android:name="android.permission.VIBRATE" />
29-->[com.onesignal:OneSignal:3.12.6] AndroidManifest.xml:23:5-66
29-->[com.onesignal:OneSignal:3.12.6] AndroidManifest.xml:23:22-63
30    <!--
31 Use to restore notifications the user hasn't interacted with.
32         They could be missed notifications if the user reboots their device if this isn't in place.
33    -->
34    <uses-permission android:name="android.permission.RECEIVE_BOOT_COMPLETED" /> <!-- START: ShortcutBadger -->
34-->[com.onesignal:OneSignal:3.12.6] AndroidManifest.xml:29:5-81
34-->[com.onesignal:OneSignal:3.12.6] AndroidManifest.xml:29:22-78
35    <!-- Samsung -->
36    <uses-permission android:name="com.sec.android.provider.badge.permission.READ" />
36-->[com.onesignal:OneSignal:3.12.6] AndroidManifest.xml:31:5-86
36-->[com.onesignal:OneSignal:3.12.6] AndroidManifest.xml:31:22-83
37    <uses-permission android:name="com.sec.android.provider.badge.permission.WRITE" /> <!-- HTC -->
37-->[com.onesignal:OneSignal:3.12.6] AndroidManifest.xml:32:5-87
37-->[com.onesignal:OneSignal:3.12.6] AndroidManifest.xml:32:22-84
38    <uses-permission android:name="com.htc.launcher.permission.READ_SETTINGS" />
38-->[com.onesignal:OneSignal:3.12.6] AndroidManifest.xml:33:5-81
38-->[com.onesignal:OneSignal:3.12.6] AndroidManifest.xml:33:22-78
39    <uses-permission android:name="com.htc.launcher.permission.UPDATE_SHORTCUT" /> <!-- Sony -->
39-->[com.onesignal:OneSignal:3.12.6] AndroidManifest.xml:34:5-83
39-->[com.onesignal:OneSignal:3.12.6] AndroidManifest.xml:34:22-80
40    <uses-permission android:name="com.sonyericsson.home.permission.BROADCAST_BADGE" />
40-->[com.onesignal:OneSignal:3.12.6] AndroidManifest.xml:35:5-88
40-->[com.onesignal:OneSignal:3.12.6] AndroidManifest.xml:35:22-85
41    <uses-permission android:name="com.sonymobile.home.permission.PROVIDER_INSERT_BADGE" /> <!-- Apex -->
41-->[com.onesignal:OneSignal:3.12.6] AndroidManifest.xml:36:5-92
41-->[com.onesignal:OneSignal:3.12.6] AndroidManifest.xml:36:22-89
42    <uses-permission android:name="com.anddoes.launcher.permission.UPDATE_COUNT" /> <!-- Solid -->
42-->[com.onesignal:OneSignal:3.12.6] AndroidManifest.xml:37:5-84
42-->[com.onesignal:OneSignal:3.12.6] AndroidManifest.xml:37:22-81
43    <uses-permission android:name="com.majeur.launcher.permission.UPDATE_BADGE" /> <!-- Huawei -->
43-->[com.onesignal:OneSignal:3.12.6] AndroidManifest.xml:38:5-83
43-->[com.onesignal:OneSignal:3.12.6] AndroidManifest.xml:38:22-80
44    <uses-permission android:name="com.huawei.android.launcher.permission.CHANGE_BADGE" />
44-->[com.onesignal:OneSignal:3.12.6] AndroidManifest.xml:39:5-91
44-->[com.onesignal:OneSignal:3.12.6] AndroidManifest.xml:39:22-88
45    <uses-permission android:name="com.huawei.android.launcher.permission.READ_SETTINGS" />
45-->[com.onesignal:OneSignal:3.12.6] AndroidManifest.xml:40:5-92
45-->[com.onesignal:OneSignal:3.12.6] AndroidManifest.xml:40:22-89
46    <uses-permission android:name="com.huawei.android.launcher.permission.WRITE_SETTINGS" /> <!-- ZUK -->
46-->[com.onesignal:OneSignal:3.12.6] AndroidManifest.xml:41:5-93
46-->[com.onesignal:OneSignal:3.12.6] AndroidManifest.xml:41:22-90
47    <uses-permission android:name="android.permission.READ_APP_BADGE" /> <!-- OPPO -->
47-->[com.onesignal:OneSignal:3.12.6] AndroidManifest.xml:42:5-73
47-->[com.onesignal:OneSignal:3.12.6] AndroidManifest.xml:42:22-70
48    <uses-permission android:name="com.oppo.launcher.permission.READ_SETTINGS" />
48-->[com.onesignal:OneSignal:3.12.6] AndroidManifest.xml:43:5-82
48-->[com.onesignal:OneSignal:3.12.6] AndroidManifest.xml:43:22-79
49    <uses-permission android:name="com.oppo.launcher.permission.WRITE_SETTINGS" /> <!-- EvMe -->
49-->[com.onesignal:OneSignal:3.12.6] AndroidManifest.xml:44:5-83
49-->[com.onesignal:OneSignal:3.12.6] AndroidManifest.xml:44:22-80
50    <uses-permission android:name="me.everything.badger.permission.BADGE_COUNT_READ" />
50-->[com.onesignal:OneSignal:3.12.6] AndroidManifest.xml:45:5-88
50-->[com.onesignal:OneSignal:3.12.6] AndroidManifest.xml:45:22-85
51    <uses-permission android:name="me.everything.badger.permission.BADGE_COUNT_WRITE" />
51-->[com.onesignal:OneSignal:3.12.6] AndroidManifest.xml:46:5-89
51-->[com.onesignal:OneSignal:3.12.6] AndroidManifest.xml:46:22-86
52
53    <application
53-->src\main\AndroidManifest.xml:12:5-92:19
54        android:name="space.firsov.kvantnews.ApplicationClass"
54-->src\main\AndroidManifest.xml:13:9-41
55        android:allowBackup="true"
55-->src\main\AndroidManifest.xml:14:9-35
56        android:appComponentFactory="androidx.core.app.CoreComponentFactory"
56-->[androidx.core:core:1.1.0] AndroidManifest.xml:24:18-86
57        android:debuggable="true"
58        android:fullBackupContent="@xml/backup_descriptor"
58-->src\main\AndroidManifest.xml:15:9-59
59        android:icon="@drawable/main_icon"
59-->src\main\AndroidManifest.xml:16:9-43
60        android:label="@string/app_name"
60-->src\main\AndroidManifest.xml:17:9-41
61        android:roundIcon="@mipmap/ic_launcher_round"
61-->src\main\AndroidManifest.xml:18:9-54
62        android:supportsRtl="true"
62-->src\main\AndroidManifest.xml:19:9-35
63        android:testOnly="true"
64        android:theme="@style/AppTheme" >
64-->src\main\AndroidManifest.xml:20:9-40
65        <activity android:name="space.firsov.kvantnews.LoginActivity" >
65-->src\main\AndroidManifest.xml:22:9-28:20
65-->src\main\AndroidManifest.xml:22:19-48
66            <intent-filter>
66-->src\main\AndroidManifest.xml:23:13-27:29
67                <action android:name="android.intent.action.MAIN" />
67-->src\main\AndroidManifest.xml:24:17-69
67-->src\main\AndroidManifest.xml:24:25-66
68
69                <category android:name="android.intent.category.LAUNCHER" />
69-->src\main\AndroidManifest.xml:26:17-77
69-->src\main\AndroidManifest.xml:26:27-74
70            </intent-filter>
71        </activity>
72        <activity android:name="space.firsov.kvantnews.RegistrationActivity" >
72-->src\main\AndroidManifest.xml:29:9-35:20
72-->src\main\AndroidManifest.xml:29:19-55
73            <intent-filter>
73-->src\main\AndroidManifest.xml:30:13-34:29
74                <action android:name="android.intent.action.ASSIST" />
74-->src\main\AndroidManifest.xml:31:17-71
74-->src\main\AndroidManifest.xml:31:25-68
75
76                <category android:name="android.intent.category.LAUNCHER" />
76-->src\main\AndroidManifest.xml:26:17-77
76-->src\main\AndroidManifest.xml:26:27-74
77            </intent-filter>
78        </activity>
79        <activity android:name="space.firsov.kvantnews.StudentNavActivity" >
79-->src\main\AndroidManifest.xml:36:9-42:20
79-->src\main\AndroidManifest.xml:36:19-53
80            <intent-filter>
80-->src\main\AndroidManifest.xml:30:13-34:29
81                <action android:name="android.intent.action.ASSIST" />
81-->src\main\AndroidManifest.xml:31:17-71
81-->src\main\AndroidManifest.xml:31:25-68
82
83                <category android:name="android.intent.category.LAUNCHER" />
83-->src\main\AndroidManifest.xml:26:17-77
83-->src\main\AndroidManifest.xml:26:27-74
84            </intent-filter>
85        </activity>
86        <activity android:name="space.firsov.kvantnews.ui.posts.AddCourseNews" >
86-->src\main\AndroidManifest.xml:43:9-49:20
86-->src\main\AndroidManifest.xml:43:19-57
87            <intent-filter>
87-->src\main\AndroidManifest.xml:30:13-34:29
88                <action android:name="android.intent.action.ASSIST" />
88-->src\main\AndroidManifest.xml:31:17-71
88-->src\main\AndroidManifest.xml:31:25-68
89
90                <category android:name="android.intent.category.LAUNCHER" />
90-->src\main\AndroidManifest.xml:26:17-77
90-->src\main\AndroidManifest.xml:26:27-74
91            </intent-filter>
92        </activity>
93        <activity android:name="space.firsov.kvantnews.ui.posts.DeleteCourseNews" >
93-->src\main\AndroidManifest.xml:50:9-56:20
93-->src\main\AndroidManifest.xml:50:19-60
94            <intent-filter>
94-->src\main\AndroidManifest.xml:30:13-34:29
95                <action android:name="android.intent.action.ASSIST" />
95-->src\main\AndroidManifest.xml:31:17-71
95-->src\main\AndroidManifest.xml:31:25-68
96
97                <category android:name="android.intent.category.LAUNCHER" />
97-->src\main\AndroidManifest.xml:26:17-77
97-->src\main\AndroidManifest.xml:26:27-74
98            </intent-filter>
99        </activity>
100        <activity android:name="space.firsov.kvantnews.ui.posts.ChangeCourseNews" >
100-->src\main\AndroidManifest.xml:57:9-63:20
100-->src\main\AndroidManifest.xml:57:19-60
101            <intent-filter>
101-->src\main\AndroidManifest.xml:30:13-34:29
102                <action android:name="android.intent.action.ASSIST" />
102-->src\main\AndroidManifest.xml:31:17-71
102-->src\main\AndroidManifest.xml:31:25-68
103
104                <category android:name="android.intent.category.LAUNCHER" />
104-->src\main\AndroidManifest.xml:26:17-77
104-->src\main\AndroidManifest.xml:26:27-74
105            </intent-filter>
106        </activity>
107        <activity android:name="space.firsov.kvantnews.ui.support.DeleteSupport" >
107-->src\main\AndroidManifest.xml:64:9-70:20
107-->src\main\AndroidManifest.xml:64:19-59
108            <intent-filter>
108-->src\main\AndroidManifest.xml:30:13-34:29
109                <action android:name="android.intent.action.ASSIST" />
109-->src\main\AndroidManifest.xml:31:17-71
109-->src\main\AndroidManifest.xml:31:25-68
110
111                <category android:name="android.intent.category.LAUNCHER" />
111-->src\main\AndroidManifest.xml:26:17-77
111-->src\main\AndroidManifest.xml:26:27-74
112            </intent-filter>
113        </activity>
114        <activity android:name="space.firsov.kvantnews.ui.support.DeleteSupportSecond" >
114-->src\main\AndroidManifest.xml:71:9-77:20
114-->src\main\AndroidManifest.xml:71:19-65
115            <intent-filter>
115-->src\main\AndroidManifest.xml:30:13-34:29
116                <action android:name="android.intent.action.ASSIST" />
116-->src\main\AndroidManifest.xml:31:17-71
116-->src\main\AndroidManifest.xml:31:25-68
117
118                <category android:name="android.intent.category.LAUNCHER" />
118-->src\main\AndroidManifest.xml:26:17-77
118-->src\main\AndroidManifest.xml:26:27-74
119            </intent-filter>
120        </activity>
121        <activity android:name="space.firsov.kvantnews.QAndAActivity" >
121-->src\main\AndroidManifest.xml:78:9-84:20
121-->src\main\AndroidManifest.xml:78:19-47
122            <intent-filter>
122-->src\main\AndroidManifest.xml:30:13-34:29
123                <action android:name="android.intent.action.ASSIST" />
123-->src\main\AndroidManifest.xml:31:17-71
123-->src\main\AndroidManifest.xml:31:25-68
124
125                <category android:name="android.intent.category.LAUNCHER" />
125-->src\main\AndroidManifest.xml:26:17-77
125-->src\main\AndroidManifest.xml:26:27-74
126            </intent-filter>
127        </activity>
128        <activity android:name="space.firsov.kvantnews.InfoActivity" >
128-->src\main\AndroidManifest.xml:85:9-91:20
128-->src\main\AndroidManifest.xml:85:19-46
129            <intent-filter>
129-->src\main\AndroidManifest.xml:30:13-34:29
130                <action android:name="android.intent.action.ASSIST" />
130-->src\main\AndroidManifest.xml:31:17-71
130-->src\main\AndroidManifest.xml:31:25-68
131
132                <category android:name="android.intent.category.LAUNCHER" />
132-->src\main\AndroidManifest.xml:26:17-77
132-->src\main\AndroidManifest.xml:26:27-74
133            </intent-filter>
134        </activity>
135
136        <meta-data
136-->[com.onesignal:OneSignal:3.12.6] AndroidManifest.xml:49:9-51:51
137            android:name="onesignal_app_id"
137-->[com.onesignal:OneSignal:3.12.6] AndroidManifest.xml:50:13-44
138            android:value="84e62b39-7629-4188-9278-c0976ae9d4a5" /> <!-- Deprecated - Pulled from OneSignal dashboard. -->
138-->[com.onesignal:OneSignal:3.12.6] AndroidManifest.xml:51:13-48
139        <meta-data
139-->[com.onesignal:OneSignal:3.12.6] AndroidManifest.xml:53:9-55:70
140            android:name="onesignal_google_project_number"
140-->[com.onesignal:OneSignal:3.12.6] AndroidManifest.xml:54:13-59
141            android:value="str:REMOTE" />
141-->[com.onesignal:OneSignal:3.12.6] AndroidManifest.xml:55:13-67
142
143        <receiver
143-->[com.onesignal:OneSignal:3.12.6] AndroidManifest.xml:57:9-67:20
144            android:name="com.onesignal.GcmBroadcastReceiver"
144-->[com.onesignal:OneSignal:3.12.6] AndroidManifest.xml:58:13-62
145            android:permission="com.google.android.c2dm.permission.SEND" >
145-->[com.onesignal:OneSignal:3.12.6] AndroidManifest.xml:59:13-73
146
147            <!-- High priority so OneSignal payloads can be filtered from other GCM receivers if filterOtherGCMReceivers is enabled. -->
148            <intent-filter android:priority="999" >
148-->[com.onesignal:OneSignal:3.12.6] AndroidManifest.xml:62:13-66:29
148-->[com.onesignal:OneSignal:3.12.6] AndroidManifest.xml:62:28-50
149                <action android:name="com.google.android.c2dm.intent.RECEIVE" />
149-->[com.onesignal:OneSignal:3.12.6] AndroidManifest.xml:63:17-81
149-->[com.onesignal:OneSignal:3.12.6] AndroidManifest.xml:63:25-78
150
151                <category android:name="space.firsov.kvantnews" />
151-->[com.onesignal:OneSignal:3.12.6] AndroidManifest.xml:65:17-61
151-->[com.onesignal:OneSignal:3.12.6] AndroidManifest.xml:65:27-58
152            </intent-filter>
153        </receiver>
154        <receiver android:name="com.onesignal.NotificationOpenedReceiver" />
154-->[com.onesignal:OneSignal:3.12.6] AndroidManifest.xml:68:9-77
154-->[com.onesignal:OneSignal:3.12.6] AndroidManifest.xml:68:19-74
155
156        <service android:name="com.onesignal.GcmIntentService" />
156-->[com.onesignal:OneSignal:3.12.6] AndroidManifest.xml:70:9-66
156-->[com.onesignal:OneSignal:3.12.6] AndroidManifest.xml:70:18-63
157        <service
157-->[com.onesignal:OneSignal:3.12.6] AndroidManifest.xml:71:9-73:72
158            android:name="com.onesignal.GcmIntentJobService"
158-->[com.onesignal:OneSignal:3.12.6] AndroidManifest.xml:72:13-61
159            android:permission="android.permission.BIND_JOB_SERVICE" />
159-->[com.onesignal:OneSignal:3.12.6] AndroidManifest.xml:73:13-69
160        <service
160-->[com.onesignal:OneSignal:3.12.6] AndroidManifest.xml:74:9-76:72
161            android:name="com.onesignal.RestoreJobService"
161-->[com.onesignal:OneSignal:3.12.6] AndroidManifest.xml:75:13-59
162            android:permission="android.permission.BIND_JOB_SERVICE" />
162-->[com.onesignal:OneSignal:3.12.6] AndroidManifest.xml:76:13-69
163        <service
163-->[com.onesignal:OneSignal:3.12.6] AndroidManifest.xml:77:9-79:72
164            android:name="com.onesignal.RestoreKickoffJobService"
164-->[com.onesignal:OneSignal:3.12.6] AndroidManifest.xml:78:13-66
165            android:permission="android.permission.BIND_JOB_SERVICE" />
165-->[com.onesignal:OneSignal:3.12.6] AndroidManifest.xml:79:13-69
166        <service
166-->[com.onesignal:OneSignal:3.12.6] AndroidManifest.xml:80:9-82:43
167            android:name="com.onesignal.SyncService"
167-->[com.onesignal:OneSignal:3.12.6] AndroidManifest.xml:81:13-53
168            android:stopWithTask="true" />
168-->[com.onesignal:OneSignal:3.12.6] AndroidManifest.xml:82:13-40
169        <service
169-->[com.onesignal:OneSignal:3.12.6] AndroidManifest.xml:83:9-85:72
170            android:name="com.onesignal.SyncJobService"
170-->[com.onesignal:OneSignal:3.12.6] AndroidManifest.xml:84:13-56
171            android:permission="android.permission.BIND_JOB_SERVICE" />
171-->[com.onesignal:OneSignal:3.12.6] AndroidManifest.xml:85:13-69
172
173        <activity
173-->[com.onesignal:OneSignal:3.12.6] AndroidManifest.xml:87:9-89:75
174            android:name="com.onesignal.PermissionsActivity"
174-->[com.onesignal:OneSignal:3.12.6] AndroidManifest.xml:88:13-61
175            android:theme="@android:style/Theme.Translucent.NoTitleBar" />
175-->[com.onesignal:OneSignal:3.12.6] AndroidManifest.xml:89:13-72
176
177        <service android:name="com.onesignal.NotificationRestoreService" />
177-->[com.onesignal:OneSignal:3.12.6] AndroidManifest.xml:91:9-76
177-->[com.onesignal:OneSignal:3.12.6] AndroidManifest.xml:91:18-73
178
179        <receiver android:name="com.onesignal.BootUpReceiver" >
179-->[com.onesignal:OneSignal:3.12.6] AndroidManifest.xml:93:9-98:20
179-->[com.onesignal:OneSignal:3.12.6] AndroidManifest.xml:93:19-62
180            <intent-filter>
180-->[com.onesignal:OneSignal:3.12.6] AndroidManifest.xml:94:13-97:29
181                <action android:name="android.intent.action.BOOT_COMPLETED" />
181-->[com.onesignal:OneSignal:3.12.6] AndroidManifest.xml:95:17-79
181-->[com.onesignal:OneSignal:3.12.6] AndroidManifest.xml:95:25-76
182                <action android:name="android.intent.action.QUICKBOOT_POWERON" />
182-->[com.onesignal:OneSignal:3.12.6] AndroidManifest.xml:96:17-82
182-->[com.onesignal:OneSignal:3.12.6] AndroidManifest.xml:96:25-79
183            </intent-filter>
184        </receiver>
185        <receiver android:name="com.onesignal.UpgradeReceiver" >
185-->[com.onesignal:OneSignal:3.12.6] AndroidManifest.xml:99:9-103:20
185-->[com.onesignal:OneSignal:3.12.6] AndroidManifest.xml:99:19-63
186            <intent-filter>
186-->[com.onesignal:OneSignal:3.12.6] AndroidManifest.xml:100:13-102:29
187                <action android:name="android.intent.action.MY_PACKAGE_REPLACED" />
187-->[com.onesignal:OneSignal:3.12.6] AndroidManifest.xml:101:17-84
187-->[com.onesignal:OneSignal:3.12.6] AndroidManifest.xml:101:25-81
188            </intent-filter>
189        </receiver>
190        <!--
191             FirebaseMessagingService performs security checks at runtime,
192             no need for explicit permissions despite exported="true"
193        -->
194        <service
194-->[com.google.firebase:firebase-messaging:17.3.3] AndroidManifest.xml:28:9-34:19
195            android:name="com.google.firebase.messaging.FirebaseMessagingService"
195-->[com.google.firebase:firebase-messaging:17.3.3] AndroidManifest.xml:29:13-82
196            android:exported="true" >
196-->[com.google.firebase:firebase-messaging:17.3.3] AndroidManifest.xml:30:13-36
197            <intent-filter android:priority="-500" >
197-->[com.google.firebase:firebase-messaging:17.3.3] AndroidManifest.xml:31:13-33:29
197-->[com.google.firebase:firebase-messaging:17.3.3] AndroidManifest.xml:31:28-51
198                <action android:name="com.google.firebase.MESSAGING_EVENT" />
198-->[com.google.firebase:firebase-messaging:17.3.3] AndroidManifest.xml:32:17-78
198-->[com.google.firebase:firebase-messaging:17.3.3] AndroidManifest.xml:32:25-75
199            </intent-filter>
200        </service>
201        <service
201-->[com.google.firebase:firebase-iid:17.0.3] AndroidManifest.xml:29:9-35:19
202            android:name="com.google.firebase.components.ComponentDiscoveryService"
202-->[com.google.firebase:firebase-iid:17.0.3] AndroidManifest.xml:30:13-84
203            android:exported="false" >
203-->[com.google.firebase:firebase-iid:17.0.3] AndroidManifest.xml:31:13-37
204            <meta-data
204-->[com.google.firebase:firebase-iid:17.0.3] AndroidManifest.xml:32:13-34:85
205                android:name="com.google.firebase.components:com.google.firebase.iid.Registrar"
205-->[com.google.firebase:firebase-iid:17.0.3] AndroidManifest.xml:33:17-96
206                android:value="com.google.firebase.components.ComponentRegistrar" />
206-->[com.google.firebase:firebase-iid:17.0.3] AndroidManifest.xml:34:17-82
207        </service>
208
209        <receiver
209-->[com.google.firebase:firebase-iid:17.0.3] AndroidManifest.xml:37:9-44:20
210            android:name="com.google.firebase.iid.FirebaseInstanceIdReceiver"
210-->[com.google.firebase:firebase-iid:17.0.3] AndroidManifest.xml:38:13-78
211            android:exported="true"
211-->[com.google.firebase:firebase-iid:17.0.3] AndroidManifest.xml:39:13-36
212            android:permission="com.google.android.c2dm.permission.SEND" >
212-->[com.google.firebase:firebase-iid:17.0.3] AndroidManifest.xml:40:13-73
213            <intent-filter>
213-->[com.google.firebase:firebase-iid:17.0.3] AndroidManifest.xml:41:13-43:29
214                <action android:name="com.google.android.c2dm.intent.RECEIVE" />
214-->[com.onesignal:OneSignal:3.12.6] AndroidManifest.xml:63:17-81
214-->[com.onesignal:OneSignal:3.12.6] AndroidManifest.xml:63:25-78
215            </intent-filter>
216        </receiver>
217        <!--
218             FirebaseInstanceIdService performs security checks at runtime,
219             no need for explicit permissions despite exported="true"
220        -->
221        <service
221-->[com.google.firebase:firebase-iid:17.0.3] AndroidManifest.xml:50:9-56:19
222            android:name="com.google.firebase.iid.FirebaseInstanceIdService"
222-->[com.google.firebase:firebase-iid:17.0.3] AndroidManifest.xml:51:13-77
223            android:exported="true" >
223-->[com.google.firebase:firebase-iid:17.0.3] AndroidManifest.xml:52:13-36
224            <intent-filter android:priority="-500" >
224-->[com.google.firebase:firebase-iid:17.0.3] AndroidManifest.xml:53:13-55:29
224-->[com.google.firebase:firebase-iid:17.0.3] AndroidManifest.xml:53:28-51
225                <action android:name="com.google.firebase.INSTANCE_ID_EVENT" />
225-->[com.google.firebase:firebase-iid:17.0.3] AndroidManifest.xml:54:17-80
225-->[com.google.firebase:firebase-iid:17.0.3] AndroidManifest.xml:54:25-77
226            </intent-filter>
227        </service>
228
229        <provider
229-->[com.google.firebase:firebase-common:16.0.3] AndroidManifest.xml:10:9-14:39
230            android:name="com.google.firebase.provider.FirebaseInitProvider"
230-->[com.google.firebase:firebase-common:16.0.3] AndroidManifest.xml:11:13-77
231            android:authorities="space.firsov.kvantnews.firebaseinitprovider"
231-->[com.google.firebase:firebase-common:16.0.3] AndroidManifest.xml:12:13-72
232            android:exported="false"
232-->[com.google.firebase:firebase-common:16.0.3] AndroidManifest.xml:13:13-37
233            android:initOrder="100" />
233-->[com.google.firebase:firebase-common:16.0.3] AndroidManifest.xml:14:13-36
234
235        <activity
235-->[com.google.android.gms:play-services-base:16.0.1] AndroidManifest.xml:23:9-26:75
236            android:name="com.google.android.gms.common.api.GoogleApiActivity"
236-->[com.google.android.gms:play-services-base:16.0.1] AndroidManifest.xml:24:13-79
237            android:exported="false"
237-->[com.google.android.gms:play-services-base:16.0.1] AndroidManifest.xml:25:13-37
238            android:theme="@android:style/Theme.Translucent.NoTitleBar" />
238-->[com.google.android.gms:play-services-base:16.0.1] AndroidManifest.xml:26:13-72
239
240        <meta-data
240-->[com.google.android.gms:play-services-basement:16.0.1] AndroidManifest.xml:23:9-25:69
241            android:name="com.google.android.gms.version"
241-->[com.google.android.gms:play-services-basement:16.0.1] AndroidManifest.xml:24:13-58
242            android:value="@integer/google_play_services_version" />
242-->[com.google.android.gms:play-services-basement:16.0.1] AndroidManifest.xml:25:13-66
243
244        <provider
244-->[com.squareup.picasso:picasso:2.71828] AndroidManifest.xml:8:9-11:40
245            android:name="com.squareup.picasso.PicassoProvider"
245-->[com.squareup.picasso:picasso:2.71828] AndroidManifest.xml:9:13-64
246            android:authorities="space.firsov.kvantnews.com.squareup.picasso"
246-->[com.squareup.picasso:picasso:2.71828] AndroidManifest.xml:10:13-72
247            android:exported="false" />
247-->[com.squareup.picasso:picasso:2.71828] AndroidManifest.xml:11:13-37
248        <provider
248-->[androidx.lifecycle:lifecycle-process:2.0.0] AndroidManifest.xml:23:9-27:43
249            android:name="androidx.lifecycle.ProcessLifecycleOwnerInitializer"
249-->[androidx.lifecycle:lifecycle-process:2.0.0] AndroidManifest.xml:24:13-79
250            android:authorities="space.firsov.kvantnews.lifecycle-process"
250-->[androidx.lifecycle:lifecycle-process:2.0.0] AndroidManifest.xml:25:13-69
251            android:exported="false"
251-->[androidx.lifecycle:lifecycle-process:2.0.0] AndroidManifest.xml:26:13-37
252            android:multiprocess="true" />
252-->[androidx.lifecycle:lifecycle-process:2.0.0] AndroidManifest.xml:27:13-40
253    </application>
254
255</manifest>